[0m19:58:15.405496 [debug] [MainThread]: Sending event: {'category': 'dbt', 'action': 'invocation', 'label': 'start', 'context': [<snowplow_tracker.self_describing_json.SelfDescribingJson object at 0xffff89652670>, <snowplow_tracker.self_describing_json.SelfDescribingJson object at 0xffff8877a3a0>, <snowplow_tracker.self_describing_json.SelfDescribingJson object at 0xffff8877a460>]}


============================== 19:58:15.409060 | 12568b92-e6b2-479a-99fa-af21f9b2d0fb ==============================
[0m19:58:15.409060 [info ] [MainThread]: Running with dbt=1.9.6
[0m19:58:15.409545 [debug] [MainThread]: running dbt with arguments {'printer_width': '80', 'indirect_selection': 'eager', 'log_cache_events': 'False', 'write_json': 'True', 'partial_parse': 'True', 'cache_selected_only': 'False', 'warn_error': 'None', 'version_check': 'True', 'fail_fast': 'False', 'log_path': 'logs', 'debug': 'False', 'profiles_dir': '/root/.dbt', 'use_colors': 'True', 'use_experimental_parser': 'False', 'no_print': 'None', 'quiet': 'False', 'empty': 'None', 'warn_error_options': 'WarnErrorOptions(include=[], exclude=[])', 'introspect': 'True', 'static_parser': 'True', 'invocation_command': 'dbt debug', 'target_path': 'None', 'log_format': 'default', 'send_anonymous_usage_stats': 'True'}
[0m19:58:15.413852 [info ] [MainThread]: dbt version: 1.9.6
[0m19:58:15.414162 [info ] [MainThread]: python version: 3.9.22
[0m19:58:15.414427 [info ] [MainThread]: python path: /usr/local/bin/python3.9
[0m19:58:15.414732 [info ] [MainThread]: os info: Linux-6.10.14-linuxkit-aarch64-with-glibc2.36
[0m19:58:15.415071 [info ] [MainThread]: Using profiles dir at /root/.dbt
[0m19:58:15.415390 [info ] [MainThread]: Using profiles.yml file at /root/.dbt/profiles.yml
[0m19:58:15.415817 [info ] [MainThread]: Using dbt_project.yml file at /usr/app/dbt_project/dbt_project.yml
[0m19:58:15.416171 [info ] [MainThread]: Configuration:
[0m19:58:15.416417 [info ] [MainThread]:   profiles.yml file [[31mERROR not found[0m]
[0m19:58:15.416673 [info ] [MainThread]:   dbt_project.yml file [[31mERROR not found[0m]
[0m19:58:15.416914 [info ] [MainThread]: Required dependencies:
[0m19:58:15.417217 [debug] [MainThread]: Executing "git --help"
[0m19:58:15.419869 [debug] [MainThread]: STDOUT: "b"usage: git [-v | --version] [-h | --help] [-C <path>] [-c <name>=<value>]\n           [--exec-path[=<path>]] [--html-path] [--man-path] [--info-path]\n           [-p | --paginate | -P | --no-pager] [--no-replace-objects] [--bare]\n           [--git-dir=<path>] [--work-tree=<path>] [--namespace=<name>]\n           [--super-prefix=<path>] [--config-env=<name>=<envvar>]\n           <command> [<args>]\n\nThese are common Git commands used in various situations:\n\nstart a working area (see also: git help tutorial)\n   clone     Clone a repository into a new directory\n   init      Create an empty Git repository or reinitialize an existing one\n\nwork on the current change (see also: git help everyday)\n   add       Add file contents to the index\n   mv        Move or rename a file, a directory, or a symlink\n   restore   Restore working tree files\n   rm        Remove files from the working tree and from the index\n\nexamine the history and state (see also: git help revisions)\n   bisect    Use binary search to find the commit that introduced a bug\n   diff      Show changes between commits, commit and working tree, etc\n   grep      Print lines matching a pattern\n   log       Show commit logs\n   show      Show various types of objects\n   status    Show the working tree status\n\ngrow, mark and tweak your common history\n   branch    List, create, or delete branches\n   commit    Record changes to the repository\n   merge     Join two or more development histories together\n   rebase    Reapply commits on top of another base tip\n   reset     Reset current HEAD to the specified state\n   switch    Switch branches\n   tag       Create, list, delete or verify a tag object signed with GPG\n\ncollaborate (see also: git help workflows)\n   fetch     Download objects and refs from another repository\n   pull      Fetch from and integrate with another repository or a local branch\n   push      Update remote refs along with associated objects\n\n'git help -a' and 'git help -g' list available subcommands and some\nconcept guides. See 'git help <command>' or 'git help <concept>'\nto read about a specific subcommand or concept.\nSee 'git help git' for an overview of the system.\n""
[0m19:58:15.420285 [debug] [MainThread]: STDERR: "b''"
[0m19:58:15.420503 [info ] [MainThread]:  - git [[32mOK found[0m]

[0m19:58:15.420777 [info ] [MainThread]: Connection test skipped since no profile was found
[0m19:58:15.421048 [info ] [MainThread]: [31m2 checks failed:[0m
[0m19:58:15.421292 [info ] [MainThread]: dbt looked for a profiles.yml file in /root/.dbt/profiles.yml, but did
not find one. For more information on configuring your profile, consult the
documentation:

https://docs.getdbt.com/docs/configure-your-profile


[0m19:58:15.421543 [info ] [MainThread]: Project loading failed for the following reason:
 project path </usr/app/dbt_project/dbt_project.yml> not found

[0m19:58:15.422160 [debug] [MainThread]: Resource report: {"command_name": "debug", "command_success": false, "command_wall_clock_time": 0.04158475, "process_in_blocks": "0", "process_kernel_time": 0.082089, "process_mem_max_rss": "90160", "process_out_blocks": "1106", "process_user_time": 0.632689}
[0m19:58:15.422435 [debug] [MainThread]: Command `dbt debug` failed at 19:58:15.422382 after 0.04 seconds
[0m19:58:15.422755 [debug] [MainThread]: Sending event: {'category': 'dbt', 'action': 'invocation', 'label': 'end', 'context': [<snowplow_tracker.self_describing_json.SelfDescribingJson object at 0xffff89652670>, <snowplow_tracker.self_describing_json.SelfDescribingJson object at 0xffff8874e880>, <snowplow_tracker.self_describing_json.SelfDescribingJson object at 0xffff8874e940>]}
[0m19:58:15.423041 [debug] [MainThread]: Flushing usage events
[0m19:58:15.965100 [debug] [MainThread]: An error was encountered while trying to flush usage events
[0m20:00:47.850457 [debug] [MainThread]: Sending event: {'category': 'dbt', 'action': 'invocation', 'label': 'start', 'context': [<snowplow_tracker.self_describing_json.SelfDescribingJson object at 0xffffb6c52640>, <snowplow_tracker.self_describing_json.SelfDescribingJson object at 0xffffb5d65a60>, <snowplow_tracker.self_describing_json.SelfDescribingJson object at 0xffffb6a62ac0>]}


============================== 20:00:47.854554 | d4269a60-5ecf-47ad-907b-cf2ea575d200 ==============================
[0m20:00:47.854554 [info ] [MainThread]: Running with dbt=1.9.6
[0m20:00:47.855008 [debug] [MainThread]: running dbt with arguments {'printer_width': '80', 'indirect_selection': 'eager', 'log_cache_events': 'False', 'write_json': 'True', 'partial_parse': 'True', 'cache_selected_only': 'False', 'warn_error': 'None', 'debug': 'False', 'version_check': 'True', 'log_path': 'logs', 'profiles_dir': '/root/.dbt', 'fail_fast': 'False', 'use_colors': 'True', 'use_experimental_parser': 'False', 'empty': 'None', 'quiet': 'False', 'no_print': 'None', 'log_format': 'default', 'introspect': 'True', 'warn_error_options': 'WarnErrorOptions(include=[], exclude=[])', 'invocation_command': 'dbt debug', 'target_path': 'None', 'static_parser': 'True', 'send_anonymous_usage_stats': 'True'}
[0m20:00:47.859036 [info ] [MainThread]: dbt version: 1.9.6
[0m20:00:47.859317 [info ] [MainThread]: python version: 3.9.22
[0m20:00:47.859655 [info ] [MainThread]: python path: /usr/local/bin/python3.9
[0m20:00:47.859887 [info ] [MainThread]: os info: Linux-6.10.14-linuxkit-aarch64-with-glibc2.36
[0m20:00:47.860194 [info ] [MainThread]: Using profiles dir at /root/.dbt
[0m20:00:47.860509 [info ] [MainThread]: Using profiles.yml file at /root/.dbt/profiles.yml
[0m20:00:47.860757 [info ] [MainThread]: Using dbt_project.yml file at /usr/app/dbt_project/dbt_project.yml
[0m20:00:47.861043 [info ] [MainThread]: Configuration:
[0m20:00:47.861281 [info ] [MainThread]:   profiles.yml file [[31mERROR not found[0m]
[0m20:00:47.861509 [info ] [MainThread]:   dbt_project.yml file [[31mERROR not found[0m]
[0m20:00:47.861836 [info ] [MainThread]: Required dependencies:
[0m20:00:47.862086 [debug] [MainThread]: Executing "git --help"
[0m20:00:47.863617 [debug] [MainThread]: STDOUT: "b"usage: git [-v | --version] [-h | --help] [-C <path>] [-c <name>=<value>]\n           [--exec-path[=<path>]] [--html-path] [--man-path] [--info-path]\n           [-p | --paginate | -P | --no-pager] [--no-replace-objects] [--bare]\n           [--git-dir=<path>] [--work-tree=<path>] [--namespace=<name>]\n           [--super-prefix=<path>] [--config-env=<name>=<envvar>]\n           <command> [<args>]\n\nThese are common Git commands used in various situations:\n\nstart a working area (see also: git help tutorial)\n   clone     Clone a repository into a new directory\n   init      Create an empty Git repository or reinitialize an existing one\n\nwork on the current change (see also: git help everyday)\n   add       Add file contents to the index\n   mv        Move or rename a file, a directory, or a symlink\n   restore   Restore working tree files\n   rm        Remove files from the working tree and from the index\n\nexamine the history and state (see also: git help revisions)\n   bisect    Use binary search to find the commit that introduced a bug\n   diff      Show changes between commits, commit and working tree, etc\n   grep      Print lines matching a pattern\n   log       Show commit logs\n   show      Show various types of objects\n   status    Show the working tree status\n\ngrow, mark and tweak your common history\n   branch    List, create, or delete branches\n   commit    Record changes to the repository\n   merge     Join two or more development histories together\n   rebase    Reapply commits on top of another base tip\n   reset     Reset current HEAD to the specified state\n   switch    Switch branches\n   tag       Create, list, delete or verify a tag object signed with GPG\n\ncollaborate (see also: git help workflows)\n   fetch     Download objects and refs from another repository\n   pull      Fetch from and integrate with another repository or a local branch\n   push      Update remote refs along with associated objects\n\n'git help -a' and 'git help -g' list available subcommands and some\nconcept guides. See 'git help <command>' or 'git help <concept>'\nto read about a specific subcommand or concept.\nSee 'git help git' for an overview of the system.\n""
[0m20:00:47.863950 [debug] [MainThread]: STDERR: "b''"
[0m20:00:47.864171 [info ] [MainThread]:  - git [[32mOK found[0m]

[0m20:00:47.864439 [info ] [MainThread]: Connection test skipped since no profile was found
[0m20:00:47.864753 [info ] [MainThread]: [31m2 checks failed:[0m
[0m20:00:47.864982 [info ] [MainThread]: dbt looked for a profiles.yml file in /root/.dbt/profiles.yml, but did
not find one. For more information on configuring your profile, consult the
documentation:

https://docs.getdbt.com/docs/configure-your-profile


[0m20:00:47.865208 [info ] [MainThread]: Project loading failed for the following reason:
 project path </usr/app/dbt_project/dbt_project.yml> not found

[0m20:00:47.865770 [debug] [MainThread]: Resource report: {"command_name": "debug", "command_success": false, "command_wall_clock_time": 0.04059208, "process_in_blocks": "0", "process_kernel_time": 0.032149, "process_mem_max_rss": "90136", "process_out_blocks": "1106", "process_user_time": 0.629936}
[0m20:00:47.866036 [debug] [MainThread]: Command `dbt debug` failed at 20:00:47.865986 after 0.04 seconds
[0m20:00:47.866308 [debug] [MainThread]: Sending event: {'category': 'dbt', 'action': 'invocation', 'label': 'end', 'context': [<snowplow_tracker.self_describing_json.SelfDescribingJson object at 0xffffb6c52640>, <snowplow_tracker.self_describing_json.SelfDescribingJson object at 0xffffb6a621f0>, <snowplow_tracker.self_describing_json.SelfDescribingJson object at 0xffffb5d65a60>]}
[0m20:00:47.866568 [debug] [MainThread]: Flushing usage events
[0m20:00:48.334904 [debug] [MainThread]: An error was encountered while trying to flush usage events
[0m20:01:47.213802 [debug] [MainThread]: Sending event: {'category': 'dbt', 'action': 'invocation', 'label': 'start', 'context': [<snowplow_tracker.self_describing_json.SelfDescribingJson object at 0xffff94392550>, <snowplow_tracker.self_describing_json.SelfDescribingJson object at 0xffff934a54f0>, <snowplow_tracker.self_describing_json.SelfDescribingJson object at 0xffff934a5d60>]}


============================== 20:01:47.217561 | a0892341-dd35-48c7-9f87-0a952acd5afb ==============================
[0m20:01:47.217561 [info ] [MainThread]: Running with dbt=1.9.6
[0m20:01:47.218061 [debug] [MainThread]: running dbt with arguments {'printer_width': '80', 'indirect_selection': 'eager', 'log_cache_events': 'False', 'write_json': 'True', 'partial_parse': 'True', 'cache_selected_only': 'False', 'profiles_dir': '/root/.dbt', 'version_check': 'True', 'warn_error': 'None', 'log_path': 'logs', 'fail_fast': 'False', 'debug': 'False', 'use_colors': 'True', 'use_experimental_parser': 'False', 'no_print': 'None', 'quiet': 'False', 'empty': 'None', 'warn_error_options': 'WarnErrorOptions(include=[], exclude=[])', 'introspect': 'True', 'log_format': 'default', 'static_parser': 'True', 'target_path': 'None', 'invocation_command': 'dbt debug', 'send_anonymous_usage_stats': 'True'}
[0m20:01:47.222138 [info ] [MainThread]: dbt version: 1.9.6
[0m20:01:47.222437 [info ] [MainThread]: python version: 3.9.22
[0m20:01:47.222754 [info ] [MainThread]: python path: /usr/local/bin/python3.9
[0m20:01:47.223034 [info ] [MainThread]: os info: Linux-6.10.14-linuxkit-aarch64-with-glibc2.36
[0m20:01:47.223347 [info ] [MainThread]: Using profiles dir at /root/.dbt
[0m20:01:47.223601 [info ] [MainThread]: Using profiles.yml file at /root/.dbt/profiles.yml
[0m20:01:47.223882 [info ] [MainThread]: Using dbt_project.yml file at /usr/app/dbt_project/dbt_project.yml
[0m20:01:47.224172 [info ] [MainThread]: Configuration:
[0m20:01:47.224399 [info ] [MainThread]:   profiles.yml file [[31mERROR not found[0m]
[0m20:01:47.224663 [info ] [MainThread]:   dbt_project.yml file [[31mERROR not found[0m]
[0m20:01:47.224963 [info ] [MainThread]: Required dependencies:
[0m20:01:47.225237 [debug] [MainThread]: Executing "git --help"
[0m20:01:47.226989 [debug] [MainThread]: STDOUT: "b"usage: git [-v | --version] [-h | --help] [-C <path>] [-c <name>=<value>]\n           [--exec-path[=<path>]] [--html-path] [--man-path] [--info-path]\n           [-p | --paginate | -P | --no-pager] [--no-replace-objects] [--bare]\n           [--git-dir=<path>] [--work-tree=<path>] [--namespace=<name>]\n           [--super-prefix=<path>] [--config-env=<name>=<envvar>]\n           <command> [<args>]\n\nThese are common Git commands used in various situations:\n\nstart a working area (see also: git help tutorial)\n   clone     Clone a repository into a new directory\n   init      Create an empty Git repository or reinitialize an existing one\n\nwork on the current change (see also: git help everyday)\n   add       Add file contents to the index\n   mv        Move or rename a file, a directory, or a symlink\n   restore   Restore working tree files\n   rm        Remove files from the working tree and from the index\n\nexamine the history and state (see also: git help revisions)\n   bisect    Use binary search to find the commit that introduced a bug\n   diff      Show changes between commits, commit and working tree, etc\n   grep      Print lines matching a pattern\n   log       Show commit logs\n   show      Show various types of objects\n   status    Show the working tree status\n\ngrow, mark and tweak your common history\n   branch    List, create, or delete branches\n   commit    Record changes to the repository\n   merge     Join two or more development histories together\n   rebase    Reapply commits on top of another base tip\n   reset     Reset current HEAD to the specified state\n   switch    Switch branches\n   tag       Create, list, delete or verify a tag object signed with GPG\n\ncollaborate (see also: git help workflows)\n   fetch     Download objects and refs from another repository\n   pull      Fetch from and integrate with another repository or a local branch\n   push      Update remote refs along with associated objects\n\n'git help -a' and 'git help -g' list available subcommands and some\nconcept guides. See 'git help <command>' or 'git help <concept>'\nto read about a specific subcommand or concept.\nSee 'git help git' for an overview of the system.\n""
[0m20:01:47.227385 [debug] [MainThread]: STDERR: "b''"
[0m20:01:47.227614 [info ] [MainThread]:  - git [[32mOK found[0m]

[0m20:01:47.227838 [info ] [MainThread]: Connection test skipped since no profile was found
[0m20:01:47.228175 [info ] [MainThread]: [31m2 checks failed:[0m
[0m20:01:47.228415 [info ] [MainThread]: dbt looked for a profiles.yml file in /root/.dbt/profiles.yml, but did
not find one. For more information on configuring your profile, consult the
documentation:

https://docs.getdbt.com/docs/configure-your-profile


[0m20:01:47.228663 [info ] [MainThread]: Project loading failed for the following reason:
 project path </usr/app/dbt_project/dbt_project.yml> not found

[0m20:01:47.229242 [debug] [MainThread]: Resource report: {"command_name": "debug", "command_success": false, "command_wall_clock_time": 0.041285835, "process_in_blocks": "0", "process_kernel_time": 0.036215, "process_mem_max_rss": "90128", "process_out_blocks": "1106", "process_user_time": 0.70318}
[0m20:01:47.229514 [debug] [MainThread]: Command `dbt debug` failed at 20:01:47.229461 after 0.04 seconds
[0m20:01:47.229814 [debug] [MainThread]: Sending event: {'category': 'dbt', 'action': 'invocation', 'label': 'end', 'context': [<snowplow_tracker.self_describing_json.SelfDescribingJson object at 0xffff94392550>, <snowplow_tracker.self_describing_json.SelfDescribingJson object at 0xffff93490790>, <snowplow_tracker.self_describing_json.SelfDescribingJson object at 0xffff934a59d0>]}
[0m20:01:47.230064 [debug] [MainThread]: Flushing usage events
[0m20:01:47.686979 [debug] [MainThread]: An error was encountered while trying to flush usage events
[0m20:01:58.596319 [debug] [MainThread]: Sending event: {'category': 'dbt', 'action': 'invocation', 'label': 'start', 'context': [<snowplow_tracker.self_describing_json.SelfDescribingJson object at 0xffffac363310>, <snowplow_tracker.self_describing_json.SelfDescribingJson object at 0xffffab4d95b0>, <snowplow_tracker.self_describing_json.SelfDescribingJson object at 0xffffab4a3910>]}


============================== 20:01:58.598298 | 72a07b14-d529-460b-ab60-777066ae8da0 ==============================
[0m20:01:58.598298 [info ] [MainThread]: Running with dbt=1.9.6
[0m20:01:58.598738 [debug] [MainThread]: running dbt with arguments {'printer_width': '80', 'indirect_selection': 'eager', 'write_json': 'True', 'log_cache_events': 'False', 'partial_parse': 'True', 'cache_selected_only': 'False', 'warn_error': 'None', 'debug': 'False', 'version_check': 'True', 'log_path': 'logs', 'profiles_dir': '/root/.dbt', 'fail_fast': 'False', 'use_colors': 'True', 'use_experimental_parser': 'False', 'no_print': 'None', 'quiet': 'False', 'empty': 'False', 'log_format': 'default', 'introspect': 'True', 'warn_error_options': 'WarnErrorOptions(include=[], exclude=[])', 'static_parser': 'True', 'target_path': 'None', 'invocation_command': 'dbt run --select tag:bronze', 'send_anonymous_usage_stats': 'True'}
[0m20:01:58.599174 [error] [MainThread]: Encountered an error:
Runtime Error
  No dbt_project.yml found at expected path /usr/app/dbt_project/dbt_project.yml
  Verify that each entry within packages.yml (and their transitive dependencies) contains a file named dbt_project.yml
  
[0m20:01:58.599771 [debug] [MainThread]: Resource report: {"command_name": "run", "command_success": false, "command_wall_clock_time": 0.02879404, "process_in_blocks": "0", "process_kernel_time": 0.030918, "process_mem_max_rss": "88688", "process_out_blocks": "3", "process_user_time": 0.588447}
[0m20:01:58.600054 [debug] [MainThread]: Command `dbt run` failed at 20:01:58.600001 after 0.03 seconds
[0m20:01:58.600318 [debug] [MainThread]: Sending event: {'category': 'dbt', 'action': 'invocation', 'label': 'end', 'context': [<snowplow_tracker.self_describing_json.SelfDescribingJson object at 0xffffac363310>, <snowplow_tracker.self_describing_json.SelfDescribingJson object at 0xffffab4d95b0>, <snowplow_tracker.self_describing_json.SelfDescribingJson object at 0xffffab4a3a00>]}
[0m20:01:58.600631 [debug] [MainThread]: Flushing usage events
[0m20:01:59.026185 [debug] [MainThread]: An error was encountered while trying to flush usage events
